{"/Users/MarcusSilva/Documents/Github/learning-js/tests-example/src/sum.js":{"path":"/Users/MarcusSilva/Documents/Github/learning-js/tests-example/src/sum.js","s":{"1":1,"2":4,"3":1,"4":3,"5":1,"6":2,"7":1,"8":8,"9":1},"b":{"1":[1,3],"2":[4,4],"3":[1,2],"4":[3,2]},"f":{"1":4,"2":8},"fnMap":{"1":{"name":"sum","line":3,"loc":{"start":{"line":3,"column":0},"end":{"line":3,"column":25}}},"2":{"name":"isEmpty","line":15,"loc":{"start":{"line":15,"column":0},"end":{"line":15,"column":22}}}},"statementMap":{"1":{"start":{"line":3,"column":0},"end":{"line":13,"column":1}},"2":{"start":{"line":4,"column":2},"end":{"line":6,"column":3}},"3":{"start":{"line":5,"column":4},"end":{"line":5,"column":57}},"4":{"start":{"line":8,"column":2},"end":{"line":10,"column":3}},"5":{"start":{"line":9,"column":4},"end":{"line":9,"column":56}},"6":{"start":{"line":12,"column":2},"end":{"line":12,"column":21}},"7":{"start":{"line":15,"column":0},"end":{"line":17,"column":1}},"8":{"start":{"line":16,"column":2},"end":{"line":16,"column":14}},"9":{"start":{"line":19,"column":0},"end":{"line":19,"column":21}}},"branchMap":{"1":{"line":4,"type":"if","locations":[{"start":{"line":4,"column":2},"end":{"line":4,"column":2}},{"start":{"line":4,"column":2},"end":{"line":4,"column":2}}]},"2":{"line":4,"type":"binary-expr","locations":[{"start":{"line":4,"column":6},"end":{"line":4,"column":19}},{"start":{"line":4,"column":23},"end":{"line":4,"column":36}}]},"3":{"line":8,"type":"if","locations":[{"start":{"line":8,"column":2},"end":{"line":8,"column":2}},{"start":{"line":8,"column":2},"end":{"line":8,"column":2}}]},"4":{"line":8,"type":"binary-expr","locations":[{"start":{"line":8,"column":5},"end":{"line":8,"column":16}},{"start":{"line":8,"column":20},"end":{"line":8,"column":31}}]}}}}